<?xml version="1.0" encoding="UTF-8"?>
<!-- Generated by org.testng.reporters.JUnitReportReporter -->
<testsuite skipped="0" hostname="ip-172-31-19-99" name="apichaining.End2EndTest" tests="1" failures="0" timestamp="2022-06-05T06:51:01 UTC" time="2.493" errors="0">
  <testcase name="test1" time="2.493" classname="apichaining.End2EndTest"/>
  <system-out/>
</testsuite> <!-- apichaining.End2EndTest -->
